# JRE version: Java(TM) SE Runtime Environment (8.0_181-b13) (build 1.8.0_181-b13)
# Java VM: Java HotSpot(TM) 64-Bit Server VM (25.181-b13 mixed mode windows-amd64 compressed oops)
Heap:
 PSYoungGen      total 142848K, used 53070K [0x00000000d5e00000, 0x00000000e8c00000, 0x0000000100000000)
  eden space 132608K, 40% used [0x00000000d5e00000,0x00000000d91d3860,0x00000000ddf80000)
  from space 10240K, 0% used [0x00000000ddf80000,0x00000000ddf80000,0x00000000de980000)
  to   space 22016K, 0% used [0x00000000e7680000,0x00000000e7680000,0x00000000e8c00000)
 ParOldGen       total 95744K, used 35253K [0x0000000081a00000, 0x0000000087780000, 0x00000000d5e00000)
  object space 95744K, 36% used [0x0000000081a00000,0x0000000083c6d7d8,0x0000000087780000)
 Metaspace       used 21397K, capacity 21980K, committed 22144K, reserved 1069056K
  class space    used 2427K, capacity 2561K, committed 2688K, reserved 1048576K
GC Heap History (10 events):
Event: 4.097 GC heap before
{Heap before GC invocations=4 (full 0):
 PSYoungGen      total 38400K, used 38384K [0x00000000d5e00000, 0x00000000da900000, 0x0000000100000000)
  eden space 33280K, 100% used [0x00000000d5e00000,0x00000000d7e80000,0x00000000d7e80000)
  from space 5120K, 99% used [0x00000000d7e80000,0x00000000d837c030,0x00000000d8380000)
  to   space 5120K, 0% used [0x00000000da400000,0x00000000da400000,0x00000000da900000)
 ParOldGen       total 87552K, used 3701K [0x0000000081a00000, 0x0000000086f80000, 0x00000000d5e00000)
  object space 87552K, 4% used [0x0000000081a00000,0x0000000081d9d508,0x0000000086f80000)
 Metaspace       used 12805K, capacity 13072K, committed 13184K, reserved 1060864K
  class space    used 1539K, capacity 1618K, committed 1664K, reserved 1048576K
Event: 4.127 GC heap after
Heap after GC invocations=4 (full 0):
 PSYoungGen      total 71680K, used 5104K [0x00000000d5e00000, 0x00000000da900000, 0x0000000100000000)
  eden space 66560K, 0% used [0x00000000d5e00000,0x00000000d5e00000,0x00000000d9f00000)
  from space 5120K, 99% used [0x00000000da400000,0x00000000da8fc030,0x00000000da900000)
  to   space 5120K, 0% used [0x00000000d9f00000,0x00000000d9f00000,0x00000000da400000)
 ParOldGen       total 87552K, used 5989K [0x0000000081a00000, 0x0000000086f80000, 0x00000000d5e00000)
  object space 87552K, 6% used [0x0000000081a00000,0x0000000081fd9508,0x0000000086f80000)
 Metaspace       used 12805K, capacity 13072K, committed 13184K, reserved 1060864K
  class space    used 1539K, capacity 1618K, committed 1664K, reserved 1048576K
}
Event: 5.514 GC heap before
{Heap before GC invocations=5 (full 0):
 PSYoungGen      total 71680K, used 71664K [0x00000000d5e00000, 0x00000000da900000, 0x0000000100000000)
  eden space 66560K, 100% used [0x00000000d5e00000,0x00000000d9f00000,0x00000000d9f00000)
  from space 5120K, 99% used [0x00000000da400000,0x00000000da8fc030,0x00000000da900000)
  to   space 5120K, 0% used [0x00000000d9f00000,0x00000000d9f00000,0x00000000da400000)
 ParOldGen       total 87552K, used 5989K [0x0000000081a00000, 0x0000000086f80000, 0x00000000d5e00000)
  object space 87552K, 6% used [0x0000000081a00000,0x0000000081fd9508,0x0000000086f80000)
 Metaspace       used 13494K, capacity 13788K, committed 13952K, reserved 1060864K
  class space    used 1609K, capacity 1663K, committed 1664K, reserved 1048576K
Event: 5.531 GC heap after
Heap after GC invocations=5 (full 0):
 PSYoungGen      total 71680K, used 5088K [0x00000000d5e00000, 0x00000000df300000, 0x0000000100000000)
  eden space 66560K, 0% used [0x00000000d5e00000,0x00000000d5e00000,0x00000000d9f00000)
  from space 5120K, 99% used [0x00000000d9f00000,0x00000000da3f8040,0x00000000da400000)
  to   space 9728K, 0% used [0x00000000de980000,0x00000000de980000,0x00000000df300000)
 ParOldGen       total 87552K, used 9414K [0x0000000081a00000, 0x0000000086f80000, 0x00000000d5e00000)
  object space 87552K, 10% used [0x0000000081a00000,0x00000000823319b0,0x0000000086f80000)
 Metaspace       used 13494K, capacity 13788K, committed 13952K, reserved 1060864K
  class space    used 1609K, capacity 1663K, committed 1664K, reserved 1048576K
}
Event: 7.689 GC heap before
{Heap before GC invocations=6 (full 0):
 PSYoungGen      total 71680K, used 71648K [0x00000000d5e00000, 0x00000000df300000, 0x0000000100000000)
  eden space 66560K, 100% used [0x00000000d5e00000,0x00000000d9f00000,0x00000000d9f00000)
  from space 5120K, 99% used [0x00000000d9f00000,0x00000000da3f8040,0x00000000da400000)
  to   space 9728K, 0% used [0x00000000de980000,0x00000000de980000,0x00000000df300000)
 ParOldGen       total 87552K, used 9414K [0x0000000081a00000, 0x0000000086f80000, 0x00000000d5e00000)
  object space 87552K, 10% used [0x0000000081a00000,0x00000000823319b0,0x0000000086f80000)
 Metaspace       used 14601K, capacity 15026K, committed 15104K, reserved 1062912K
  class space    used 1706K, capacity 1776K, committed 1792K, reserved 1048576K
Event: 7.714 GC heap after
Heap after GC invocations=6 (full 0):
 PSYoungGen      total 142336K, used 9080K [0x00000000d5e00000, 0x00000000df400000, 0x0000000100000000)
  eden space 132608K, 0% used [0x00000000d5e00000,0x00000000d5e00000,0x00000000ddf80000)
  from space 9728K, 93% used [0x00000000de980000,0x00000000df25e1e8,0x00000000df300000)
  to   space 10240K, 0% used [0x00000000ddf80000,0x00000000ddf80000,0x00000000de980000)
 ParOldGen       total 87552K, used 9422K [0x0000000081a00000, 0x0000000086f80000, 0x00000000d5e00000)
  object space 87552K, 10% used [0x0000000081a00000,0x00000000823339b0,0x0000000086f80000)
 Metaspace       used 14601K, capacity 15026K, committed 15104K, reserved 1062912K
  class space    used 1706K, capacity 1776K, committed 1792K, reserved 1048576K
}
Event: 9.891 GC heap before
{Heap before GC invocations=7 (full 0):
 PSYoungGen      total 142336K, used 116763K [0x00000000d5e00000, 0x00000000df400000, 0x0000000100000000)
  eden space 132608K, 81% used [0x00000000d5e00000,0x00000000dc728c30,0x00000000ddf80000)
  from space 9728K, 93% used [0x00000000de980000,0x00000000df25e1e8,0x00000000df300000)
  to   space 10240K, 0% used [0x00000000ddf80000,0x00000000ddf80000,0x00000000de980000)
 ParOldGen       total 87552K, used 9422K [0x0000000081a00000, 0x0000000086f80000, 0x00000000d5e00000)
  object space 87552K, 10% used [0x0000000081a00000,0x00000000823339b0,0x0000000086f80000)
 Metaspace       used 20680K, capacity 21180K, committed 21248K, reserved 1069056K
  class space    used 2402K, capacity 2529K, committed 2560K, reserved 1048576K
Event: 9.925 GC heap after
Heap after GC invocations=7 (full 0):
 PSYoungGen      total 142848K, used 10213K [0x00000000d5e00000, 0x00000000e8c00000, 0x0000000100000000)
  eden space 132608K, 0% used [0x00000000d5e00000,0x00000000d5e00000,0x00000000ddf80000)
  from space 10240K, 99% used [0x00000000ddf80000,0x00000000de9794f8,0x00000000de980000)
  to   space 22016K, 0% used [0x00000000e7680000,0x00000000e7680000,0x00000000e8c00000)
 ParOldGen       total 87552K, used 30490K [0x0000000081a00000, 0x0000000086f80000, 0x00000000d5e00000)
  object space 87552K, 34% used [0x0000000081a00000,0x00000000837c68a0,0x0000000086f80000)
 Metaspace       used 20680K, capacity 21180K, committed 21248K, reserved 1069056K
  class space    used 2402K, capacity 2529K, committed 2560K, reserved 1048576K
}
Event: 9.925 GC heap before
{Heap before GC invocations=8 (full 1):
 PSYoungGen      total 142848K, used 10213K [0x00000000d5e00000, 0x00000000e8c00000, 0x0000000100000000)
  eden space 132608K, 0% used [0x00000000d5e00000,0x00000000d5e00000,0x00000000ddf80000)
  from space 10240K, 99% used [0x00000000ddf80000,0x00000000de9794f8,0x00000000de980000)
  to   space 22016K, 0% used [0x00000000e7680000,0x00000000e7680000,0x00000000e8c00000)
 ParOldGen       total 87552K, used 30490K [0x0000000081a00000, 0x0000000086f80000, 0x00000000d5e00000)
  object space 87552K, 34% used [0x0000000081a00000,0x00000000837c68a0,0x0000000086f80000)
 Metaspace       used 20680K, capacity 21180K, committed 21248K, reserved 1069056K
  class space    used 2402K, capacity 2529K, committed 2560K, reserved 1048576K
Event: 10.038 GC heap after
Heap after GC invocations=8 (full 1):
 PSYoungGen      total 142848K, used 0K [0x00000000d5e00000, 0x00000000e8c00000, 0x0000000100000000)
  eden space 132608K, 0% used [0x00000000d5e00000,0x00000000d5e00000,0x00000000ddf80000)
  from space 10240K, 0% used [0x00000000ddf80000,0x00000000ddf80000,0x00000000de980000)
  to   space 22016K, 0% used [0x00000000e7680000,0x00000000e7680000,0x00000000e8c00000)
 ParOldGen       total 95744K, used 35253K [0x0000000081a00000, 0x0000000087780000, 0x00000000d5e00000)
  object space 95744K, 36% used [0x0000000081a00000,0x0000000083c6d7d8,0x0000000087780000)
 Metaspace       used 20680K, capacity 21180K, committed 21248K, reserved 1069056K
  class space    used 2402K, capacity 2529K, committed 2560K, reserved 1048576K
}

