# JRE version: Java(TM) SE Runtime Environment (8.0_181-b13) (build 1.8.0_181-b13)
# Java VM: Java HotSpot(TM) 64-Bit Server VM (25.181-b13 mixed mode windows-amd64 compressed oops)
Heap:
 PSYoungGen      total 35328K, used 11720K [0x00000000d5e00000, 0x00000000daf00000, 0x0000000100000000)
  eden space 30208K, 21% used [0x00000000d5e00000,0x00000000d6476128,0x00000000d7b80000)
  from space 5120K, 99% used [0x00000000d8380000,0x00000000d887c030,0x00000000d8880000)
  to   space 8192K, 0% used [0x00000000d7b80000,0x00000000d7b80000,0x00000000d8380000)
 ParOldGen       total 87552K, used 9741K [0x0000000081a00000, 0x0000000086f80000, 0x00000000d5e00000)
  object space 87552K, 11% used [0x0000000081a00000,0x0000000082383798,0x0000000086f80000)
 Metaspace       used 13606K, capacity 13852K, committed 13952K, reserved 1060864K
  class space    used 1610K, capacity 1663K, committed 1664K, reserved 1048576K
GC Heap History (10 events):
Event: 1.304 GC heap before
{Heap before GC invocations=2 (full 0):
 PSYoungGen      total 38400K, used 38242K [0x00000000d5e00000, 0x00000000d8880000, 0x0000000100000000)
  eden space 33280K, 100% used [0x00000000d5e00000,0x00000000d7e80000,0x00000000d7e80000)
  from space 5120K, 96% used [0x00000000d7e80000,0x00000000d8358b10,0x00000000d8380000)
  to   space 5120K, 0% used [0x00000000d8380000,0x00000000d8380000,0x00000000d8880000)
 ParOldGen       total 87552K, used 16K [0x0000000081a00000, 0x0000000086f80000, 0x00000000d5e00000)
  object space 87552K, 0% used [0x0000000081a00000,0x0000000081a04000,0x0000000086f80000)
 Metaspace       used 12292K, capacity 12530K, committed 12672K, reserved 1060864K
  class space    used 1509K, capacity 1574K, committed 1664K, reserved 1048576K
Event: 1.312 GC heap after
Heap after GC invocations=2 (full 0):
 PSYoungGen      total 38400K, used 5104K [0x00000000d5e00000, 0x00000000d8880000, 0x0000000100000000)
  eden space 33280K, 0% used [0x00000000d5e00000,0x00000000d5e00000,0x00000000d7e80000)
  from space 5120K, 99% used [0x00000000d8380000,0x00000000d887c010,0x00000000d8880000)
  to   space 5120K, 0% used [0x00000000d7e80000,0x00000000d7e80000,0x00000000d8380000)
 ParOldGen       total 87552K, used 3016K [0x0000000081a00000, 0x0000000086f80000, 0x00000000d5e00000)
  object space 87552K, 3% used [0x0000000081a00000,0x0000000081cf21f0,0x0000000086f80000)
 Metaspace       used 12292K, capacity 12530K, committed 12672K, reserved 1060864K
  class space    used 1509K, capacity 1574K, committed 1664K, reserved 1048576K
}
Event: 2.355 GC heap before
{Heap before GC invocations=3 (full 0):
 PSYoungGen      total 38400K, used 38384K [0x00000000d5e00000, 0x00000000d8880000, 0x0000000100000000)
  eden space 33280K, 100% used [0x00000000d5e00000,0x00000000d7e80000,0x00000000d7e80000)
  from space 5120K, 99% used [0x00000000d8380000,0x00000000d887c010,0x00000000d8880000)
  to   space 5120K, 0% used [0x00000000d7e80000,0x00000000d7e80000,0x00000000d8380000)
 ParOldGen       total 87552K, used 3016K [0x0000000081a00000, 0x0000000086f80000, 0x00000000d5e00000)
  object space 87552K, 3% used [0x0000000081a00000,0x0000000081cf21f0,0x0000000086f80000)
 Metaspace       used 12717K, capacity 12984K, committed 13184K, reserved 1060864K
  class space    used 1536K, capacity 1614K, committed 1664K, reserved 1048576K
Event: 2.361 GC heap after
Heap after GC invocations=3 (full 0):
 PSYoungGen      total 38400K, used 5104K [0x00000000d5e00000, 0x00000000d8880000, 0x0000000100000000)
  eden space 33280K, 0% used [0x00000000d5e00000,0x00000000d5e00000,0x00000000d7e80000)
  from space 5120K, 99% used [0x00000000d7e80000,0x00000000d837c030,0x00000000d8380000)
  to   space 5120K, 0% used [0x00000000d8380000,0x00000000d8380000,0x00000000d8880000)
 ParOldGen       total 87552K, used 4265K [0x0000000081a00000, 0x0000000086f80000, 0x00000000d5e00000)
  object space 87552K, 4% used [0x0000000081a00000,0x0000000081e2a680,0x0000000086f80000)
 Metaspace       used 12717K, capacity 12984K, committed 13184K, reserved 1060864K
  class space    used 1536K, capacity 1614K, committed 1664K, reserved 1048576K
}
Event: 2.541 GC heap before
{Heap before GC invocations=4 (full 0):
 PSYoungGen      total 38400K, used 38384K [0x00000000d5e00000, 0x00000000d8880000, 0x0000000100000000)
  eden space 33280K, 100% used [0x00000000d5e00000,0x00000000d7e80000,0x00000000d7e80000)
  from space 5120K, 99% used [0x00000000d7e80000,0x00000000d837c030,0x00000000d8380000)
  to   space 5120K, 0% used [0x00000000d8380000,0x00000000d8380000,0x00000000d8880000)
 ParOldGen       total 87552K, used 4265K [0x0000000081a00000, 0x0000000086f80000, 0x00000000d5e00000)
  object space 87552K, 4% used [0x0000000081a00000,0x0000000081e2a680,0x0000000086f80000)
 Metaspace       used 12803K, capacity 13072K, committed 13184K, reserved 1060864K
  class space    used 1538K, capacity 1618K, committed 1664K, reserved 1048576K
Event: 2.553 GC heap after
Heap after GC invocations=4 (full 0):
 PSYoungGen      total 38400K, used 5104K [0x00000000d5e00000, 0x00000000da900000, 0x0000000100000000)
  eden space 33280K, 0% used [0x00000000d5e00000,0x00000000d5e00000,0x00000000d7e80000)
  from space 5120K, 99% used [0x00000000d8380000,0x00000000d887c010,0x00000000d8880000)
  to   space 5120K, 0% used [0x00000000d7e80000,0x00000000d7e80000,0x00000000d8380000)
 ParOldGen       total 87552K, used 6569K [0x0000000081a00000, 0x0000000086f80000, 0x00000000d5e00000)
  object space 87552K, 7% used [0x0000000081a00000,0x000000008206a680,0x0000000086f80000)
 Metaspace       used 12803K, capacity 13072K, committed 13184K, reserved 1060864K
  class space    used 1538K, capacity 1618K, committed 1664K, reserved 1048576K
}
Event: 2.750 GC heap before
{Heap before GC invocations=5 (full 0):
 PSYoungGen      total 38400K, used 38384K [0x00000000d5e00000, 0x00000000da900000, 0x0000000100000000)
  eden space 33280K, 100% used [0x00000000d5e00000,0x00000000d7e80000,0x00000000d7e80000)
  from space 5120K, 99% used [0x00000000d8380000,0x00000000d887c010,0x00000000d8880000)
  to   space 5120K, 0% used [0x00000000d7e80000,0x00000000d7e80000,0x00000000d8380000)
 ParOldGen       total 87552K, used 6569K [0x0000000081a00000, 0x0000000086f80000, 0x00000000d5e00000)
  object space 87552K, 7% used [0x0000000081a00000,0x000000008206a680,0x0000000086f80000)
 Metaspace       used 13278K, capacity 13506K, committed 13696K, reserved 1060864K
  class space    used 1601K, capacity 1656K, committed 1664K, reserved 1048576K
Event: 2.760 GC heap after
Heap after GC invocations=5 (full 0):
 PSYoungGen      total 38400K, used 5120K [0x00000000d5e00000, 0x00000000da900000, 0x0000000100000000)
  eden space 33280K, 0% used [0x00000000d5e00000,0x00000000d5e00000,0x00000000d7e80000)
  from space 5120K, 100% used [0x00000000d7e80000,0x00000000d8380000,0x00000000d8380000)
  to   space 5120K, 0% used [0x00000000d8380000,0x00000000d8380000,0x00000000d8880000)
 ParOldGen       total 87552K, used 8057K [0x0000000081a00000, 0x0000000086f80000, 0x00000000d5e00000)
  object space 87552K, 9% used [0x0000000081a00000,0x00000000821de560,0x0000000086f80000)
 Metaspace       used 13278K, capacity 13506K, committed 13696K, reserved 1060864K
  class space    used 1601K, capacity 1656K, committed 1664K, reserved 1048576K
}
Event: 4.405 GC heap before
{Heap before GC invocations=6 (full 0):
 PSYoungGen      total 38400K, used 38400K [0x00000000d5e00000, 0x00000000da900000, 0x0000000100000000)
  eden space 33280K, 100% used [0x00000000d5e00000,0x00000000d7e80000,0x00000000d7e80000)
  from space 5120K, 100% used [0x00000000d7e80000,0x00000000d8380000,0x00000000d8380000)
  to   space 5120K, 0% used [0x00000000d8380000,0x00000000d8380000,0x00000000d8880000)
 ParOldGen       total 87552K, used 8057K [0x0000000081a00000, 0x0000000086f80000, 0x00000000d5e00000)
  object space 87552K, 9% used [0x0000000081a00000,0x00000000821de560,0x0000000086f80000)
 Metaspace       used 13558K, capacity 13852K, committed 13952K, reserved 1060864K
  class space    used 1610K, capacity 1663K, committed 1664K, reserved 1048576K
Event: 4.413 GC heap after
Heap after GC invocations=6 (full 0):
 PSYoungGen      total 35328K, used 5104K [0x00000000d5e00000, 0x00000000daf00000, 0x0000000100000000)
  eden space 30208K, 0% used [0x00000000d5e00000,0x00000000d5e00000,0x00000000d7b80000)
  from space 5120K, 99% used [0x00000000d8380000,0x00000000d887c030,0x00000000d8880000)
  to   space 8192K, 0% used [0x00000000d7b80000,0x00000000d7b80000,0x00000000d8380000)
 ParOldGen       total 87552K, used 9741K [0x0000000081a00000, 0x0000000086f80000, 0x00000000d5e00000)
  object space 87552K, 11% used [0x0000000081a00000,0x0000000082383798,0x0000000086f80000)
 Metaspace       used 13558K, capacity 13852K, committed 13952K, reserved 1060864K
  class space    used 1610K, capacity 1663K, committed 1664K, reserved 1048576K
}

