# JRE version: Java(TM) SE Runtime Environment (8.0_181-b13) (build 1.8.0_181-b13)
# Java VM: Java HotSpot(TM) 64-Bit Server VM (25.181-b13 mixed mode windows-amd64 compressed oops)
Heap:
 PSYoungGen      total 141824K, used 50381K [0x00000000d5e00000, 0x00000000e4100000, 0x0000000100000000)
  eden space 125952K, 40% used [0x00000000d5e00000,0x00000000d8f33510,0x00000000dd900000)
  from space 15872K, 0% used [0x00000000dd900000,0x00000000dd900000,0x00000000de880000)
  to   space 15360K, 0% used [0x00000000e3200000,0x00000000e3200000,0x00000000e4100000)
 ParOldGen       total 82944K, used 27950K [0x0000000081a00000, 0x0000000086b00000, 0x00000000d5e00000)
  object space 82944K, 33% used [0x0000000081a00000,0x000000008354ba78,0x0000000086b00000)
 Metaspace       used 21364K, capacity 21922K, committed 22144K, reserved 1069056K
  class space    used 2432K, capacity 2562K, committed 2688K, reserved 1048576K
GC Heap History (10 events):
Event: 3.768 GC heap before
{Heap before GC invocations=6 (full 0):
 PSYoungGen      total 38400K, used 38400K [0x00000000d5e00000, 0x00000000daf00000, 0x0000000100000000)
  eden space 33280K, 100% used [0x00000000d5e00000,0x00000000d7e80000,0x00000000d7e80000)
  from space 5120K, 100% used [0x00000000d7e80000,0x00000000d8380000,0x00000000d8380000)
  to   space 8192K, 0% used [0x00000000da700000,0x00000000da700000,0x00000000daf00000)
 ParOldGen       total 87552K, used 7543K [0x0000000081a00000, 0x0000000086f80000, 0x00000000d5e00000)
  object space 87552K, 8% used [0x0000000081a00000,0x000000008215ded0,0x0000000086f80000)
 Metaspace       used 13544K, capacity 13852K, committed 13952K, reserved 1060864K
  class space    used 1610K, capacity 1663K, committed 1664K, reserved 1048576K
Event: 3.788 GC heap after
Heap after GC invocations=6 (full 0):
 PSYoungGen      total 74752K, used 6688K [0x00000000d5e00000, 0x00000000daf00000, 0x0000000100000000)
  eden space 66560K, 0% used [0x00000000d5e00000,0x00000000d5e00000,0x00000000d9f00000)
  from space 8192K, 81% used [0x00000000da700000,0x00000000dad88020,0x00000000daf00000)
  to   space 8192K, 0% used [0x00000000d9f00000,0x00000000d9f00000,0x00000000da700000)
 ParOldGen       total 87552K, used 7551K [0x0000000081a00000, 0x0000000086f80000, 0x00000000d5e00000)
  object space 87552K, 8% used [0x0000000081a00000,0x000000008215fed0,0x0000000086f80000)
 Metaspace       used 13544K, capacity 13852K, committed 13952K, reserved 1060864K
  class space    used 1610K, capacity 1663K, committed 1664K, reserved 1048576K
}
Event: 5.802 GC heap before
{Heap before GC invocations=7 (full 0):
 PSYoungGen      total 74752K, used 73248K [0x00000000d5e00000, 0x00000000daf00000, 0x0000000100000000)
  eden space 66560K, 100% used [0x00000000d5e00000,0x00000000d9f00000,0x00000000d9f00000)
  from space 8192K, 81% used [0x00000000da700000,0x00000000dad88020,0x00000000daf00000)
  to   space 8192K, 0% used [0x00000000d9f00000,0x00000000d9f00000,0x00000000da700000)
 ParOldGen       total 87552K, used 7551K [0x0000000081a00000, 0x0000000086f80000, 0x00000000d5e00000)
  object space 87552K, 8% used [0x0000000081a00000,0x000000008215fed0,0x0000000086f80000)
 Metaspace       used 14674K, capacity 15110K, committed 15360K, reserved 1062912K
  class space    used 1709K, capacity 1780K, committed 1792K, reserved 1048576K
Event: 5.818 GC heap after
Heap after GC invocations=7 (full 0):
 PSYoungGen      total 74752K, used 7679K [0x00000000d5e00000, 0x00000000df100000, 0x0000000100000000)
  eden space 66560K, 0% used [0x00000000d5e00000,0x00000000d5e00000,0x00000000d9f00000)
  from space 8192K, 93% used [0x00000000d9f00000,0x00000000da67ffc0,0x00000000da700000)
  to   space 8704K, 0% used [0x00000000de880000,0x00000000de880000,0x00000000df100000)
 ParOldGen       total 87552K, used 10269K [0x0000000081a00000, 0x0000000086f80000, 0x00000000d5e00000)
  object space 87552K, 11% used [0x0000000081a00000,0x0000000082407760,0x0000000086f80000)
 Metaspace       used 14674K, capacity 15110K, committed 15360K, reserved 1062912K
  class space    used 1709K, capacity 1780K, committed 1792K, reserved 1048576K
}
Event: 7.261 GC heap before
{Heap before GC invocations=8 (full 0):
 PSYoungGen      total 74752K, used 74239K [0x00000000d5e00000, 0x00000000df100000, 0x0000000100000000)
  eden space 66560K, 100% used [0x00000000d5e00000,0x00000000d9f00000,0x00000000d9f00000)
  from space 8192K, 93% used [0x00000000d9f00000,0x00000000da67ffc0,0x00000000da700000)
  to   space 8704K, 0% used [0x00000000de880000,0x00000000de880000,0x00000000df100000)
 ParOldGen       total 87552K, used 10269K [0x0000000081a00000, 0x0000000086f80000, 0x00000000d5e00000)
  object space 87552K, 11% used [0x0000000081a00000,0x0000000082407760,0x0000000086f80000)
 Metaspace       used 19882K, capacity 20380K, committed 20736K, reserved 1067008K
  class space    used 2326K, capacity 2433K, committed 2560K, reserved 1048576K
Event: 7.287 GC heap after
Heap after GC invocations=8 (full 0):
 PSYoungGen      total 134656K, used 8676K [0x00000000d5e00000, 0x00000000dff00000, 0x0000000100000000)
  eden space 125952K, 0% used [0x00000000d5e00000,0x00000000d5e00000,0x00000000dd900000)
  from space 8704K, 99% used [0x00000000de880000,0x00000000df0f9130,0x00000000df100000)
  to   space 15872K, 0% used [0x00000000dd900000,0x00000000dd900000,0x00000000de880000)
 ParOldGen       total 87552K, used 24997K [0x0000000081a00000, 0x0000000086f80000, 0x00000000d5e00000)
  object space 87552K, 28% used [0x0000000081a00000,0x0000000083269738,0x0000000086f80000)
 Metaspace       used 19882K, capacity 20380K, committed 20736K, reserved 1067008K
  class space    used 2326K, capacity 2433K, committed 2560K, reserved 1048576K
}
Event: 7.688 GC heap before
{Heap before GC invocations=9 (full 0):
 PSYoungGen      total 134656K, used 20908K [0x00000000d5e00000, 0x00000000dff00000, 0x0000000100000000)
  eden space 125952K, 9% used [0x00000000d5e00000,0x00000000d69f2260,0x00000000dd900000)
  from space 8704K, 99% used [0x00000000de880000,0x00000000df0f9130,0x00000000df100000)
  to   space 15872K, 0% used [0x00000000dd900000,0x00000000dd900000,0x00000000de880000)
 ParOldGen       total 87552K, used 24997K [0x0000000081a00000, 0x0000000086f80000, 0x00000000d5e00000)
  object space 87552K, 28% used [0x0000000081a00000,0x0000000083269738,0x0000000086f80000)
 Metaspace       used 20680K, capacity 21180K, committed 21248K, reserved 1069056K
  class space    used 2391K, capacity 2529K, committed 2560K, reserved 1048576K
Event: 7.706 GC heap after
Heap after GC invocations=9 (full 0):
 PSYoungGen      total 141824K, used 7355K [0x00000000d5e00000, 0x00000000e4100000, 0x0000000100000000)
  eden space 125952K, 0% used [0x00000000d5e00000,0x00000000d5e00000,0x00000000dd900000)
  from space 15872K, 46% used [0x00000000dd900000,0x00000000de02ecd0,0x00000000de880000)
  to   space 15360K, 0% used [0x00000000e3200000,0x00000000e3200000,0x00000000e4100000)
 ParOldGen       total 87552K, used 27088K [0x0000000081a00000, 0x0000000086f80000, 0x00000000d5e00000)
  object space 87552K, 30% used [0x0000000081a00000,0x0000000083474078,0x0000000086f80000)
 Metaspace       used 20680K, capacity 21180K, committed 21248K, reserved 1069056K
  class space    used 2391K, capacity 2529K, committed 2560K, reserved 1048576K
}
Event: 7.706 GC heap before
{Heap before GC invocations=10 (full 1):
 PSYoungGen      total 141824K, used 7355K [0x00000000d5e00000, 0x00000000e4100000, 0x0000000100000000)
  eden space 125952K, 0% used [0x00000000d5e00000,0x00000000d5e00000,0x00000000dd900000)
  from space 15872K, 46% used [0x00000000dd900000,0x00000000de02ecd0,0x00000000de880000)
  to   space 15360K, 0% used [0x00000000e3200000,0x00000000e3200000,0x00000000e4100000)
 ParOldGen       total 87552K, used 27088K [0x0000000081a00000, 0x0000000086f80000, 0x00000000d5e00000)
  object space 87552K, 30% used [0x0000000081a00000,0x0000000083474078,0x0000000086f80000)
 Metaspace       used 20680K, capacity 21180K, committed 21248K, reserved 1069056K
  class space    used 2391K, capacity 2529K, committed 2560K, reserved 1048576K
Event: 7.821 GC heap after
Heap after GC invocations=10 (full 1):
 PSYoungGen      total 141824K, used 0K [0x00000000d5e00000, 0x00000000e4100000, 0x0000000100000000)
  eden space 125952K, 0% used [0x00000000d5e00000,0x00000000d5e00000,0x00000000dd900000)
  from space 15872K, 0% used [0x00000000dd900000,0x00000000dd900000,0x00000000de880000)
  to   space 15360K, 0% used [0x00000000e3200000,0x00000000e3200000,0x00000000e4100000)
 ParOldGen       total 82944K, used 27950K [0x0000000081a00000, 0x0000000086b00000, 0x00000000d5e00000)
  object space 82944K, 33% used [0x0000000081a00000,0x000000008354ba78,0x0000000086b00000)
 Metaspace       used 20680K, capacity 21180K, committed 21248K, reserved 1069056K
  class space    used 2391K, capacity 2529K, committed 2560K, reserved 1048576K
}

