# JRE version: Java(TM) SE Runtime Environment (8.0_181-b13) (build 1.8.0_181-b13)
# Java VM: Java HotSpot(TM) 64-Bit Server VM (25.181-b13 mixed mode windows-amd64 compressed oops)
Heap:
 PSYoungGen      total 76288K, used 62518K [0x00000000d5e00000, 0x00000000db200000, 0x0000000100000000)
  eden space 66560K, 79% used [0x00000000d5e00000,0x00000000d918df90,0x00000000d9f00000)
  from space 9728K, 99% used [0x00000000d9f00000,0x00000000da87f9c8,0x00000000da880000)
  to   space 9216K, 0% used [0x00000000da900000,0x00000000da900000,0x00000000db200000)
 ParOldGen       total 65536K, used 22451K [0x0000000081a00000, 0x0000000085a00000, 0x00000000d5e00000)
  object space 65536K, 34% used [0x0000000081a00000,0x0000000082fecc18,0x0000000085a00000)
 Metaspace       used 25941K, capacity 26596K, committed 26752K, reserved 1073152K
  class space    used 3009K, capacity 3195K, committed 3200K, reserved 1048576K
GC Heap History (10 events):
Event: 8.294 GC heap before
{Heap before GC invocations=6 (full 0):
 PSYoungGen      total 38400K, used 38384K [0x00000000d5e00000, 0x00000000db300000, 0x0000000100000000)
  eden space 33280K, 100% used [0x00000000d5e00000,0x00000000d7e80000,0x00000000d7e80000)
  from space 5120K, 99% used [0x00000000d7e80000,0x00000000d837c010,0x00000000d8380000)
  to   space 10240K, 0% used [0x00000000da900000,0x00000000da900000,0x00000000db300000)
 ParOldGen       total 87552K, used 9670K [0x0000000081a00000, 0x0000000086f80000, 0x00000000d5e00000)
  object space 87552K, 11% used [0x0000000081a00000,0x0000000082371b90,0x0000000086f80000)
 Metaspace       used 17959K, capacity 18412K, committed 18816K, reserved 1064960K
  class space    used 2190K, capacity 2325K, committed 2432K, reserved 1048576K
Event: 8.303 GC heap after
Heap after GC invocations=6 (full 0):
 PSYoungGen      total 75776K, used 6992K [0x00000000d5e00000, 0x00000000db200000, 0x0000000100000000)
  eden space 66560K, 0% used [0x00000000d5e00000,0x00000000d5e00000,0x00000000d9f00000)
  from space 9216K, 75% used [0x00000000da900000,0x00000000dafd4030,0x00000000db200000)
  to   space 9728K, 0% used [0x00000000d9f00000,0x00000000d9f00000,0x00000000da880000)
 ParOldGen       total 87552K, used 9678K [0x0000000081a00000, 0x0000000086f80000, 0x00000000d5e00000)
  object space 87552K, 11% used [0x0000000081a00000,0x0000000082373b90,0x0000000086f80000)
 Metaspace       used 17959K, capacity 18412K, committed 18816K, reserved 1064960K
  class space    used 2190K, capacity 2325K, committed 2432K, reserved 1048576K
}
Event: 9.377 GC heap before
{Heap before GC invocations=7 (full 0):
 PSYoungGen      total 75776K, used 73552K [0x00000000d5e00000, 0x00000000db200000, 0x0000000100000000)
  eden space 66560K, 100% used [0x00000000d5e00000,0x00000000d9f00000,0x00000000d9f00000)
  from space 9216K, 75% used [0x00000000da900000,0x00000000dafd4030,0x00000000db200000)
  to   space 9728K, 0% used [0x00000000d9f00000,0x00000000d9f00000,0x00000000da880000)
 ParOldGen       total 87552K, used 9678K [0x0000000081a00000, 0x0000000086f80000, 0x00000000d5e00000)
  object space 87552K, 11% used [0x0000000081a00000,0x0000000082373b90,0x0000000086f80000)
 Metaspace       used 18511K, capacity 18998K, committed 19328K, reserved 1067008K
  class space    used 2221K, capacity 2368K, committed 2432K, reserved 1048576K
Event: 9.391 GC heap after
Heap after GC invocations=7 (full 0):
 PSYoungGen      total 76288K, used 8120K [0x00000000d5e00000, 0x00000000db200000, 0x0000000100000000)
  eden space 66560K, 0% used [0x00000000d5e00000,0x00000000d5e00000,0x00000000d9f00000)
  from space 9728K, 83% used [0x00000000d9f00000,0x00000000da6ee360,0x00000000da880000)
  to   space 9216K, 0% used [0x00000000da900000,0x00000000da900000,0x00000000db200000)
 ParOldGen       total 87552K, used 11541K [0x0000000081a00000, 0x0000000086f80000, 0x00000000d5e00000)
  object space 87552K, 13% used [0x0000000081a00000,0x0000000082545420,0x0000000086f80000)
 Metaspace       used 18511K, capacity 18998K, committed 19328K, reserved 1067008K
  class space    used 2221K, capacity 2368K, committed 2432K, reserved 1048576K
}
Event: 10.627 GC heap before
{Heap before GC invocations=8 (full 0):
 PSYoungGen      total 76288K, used 43255K [0x00000000d5e00000, 0x00000000db200000, 0x0000000100000000)
  eden space 66560K, 52% used [0x00000000d5e00000,0x00000000d804f950,0x00000000d9f00000)
  from space 9728K, 83% used [0x00000000d9f00000,0x00000000da6ee360,0x00000000da880000)
  to   space 9216K, 0% used [0x00000000da900000,0x00000000da900000,0x00000000db200000)
 ParOldGen       total 87552K, used 11541K [0x0000000081a00000, 0x0000000086f80000, 0x00000000d5e00000)
  object space 87552K, 13% used [0x0000000081a00000,0x0000000082545420,0x0000000086f80000)
 Metaspace       used 20557K, capacity 21182K, committed 21296K, reserved 1069056K
  class space    used 2469K, capacity 2650K, committed 2688K, reserved 1048576K
Event: 10.635 GC heap after
Heap after GC invocations=8 (full 0):
 PSYoungGen      total 75776K, used 7131K [0x00000000d5e00000, 0x00000000db200000, 0x0000000100000000)
  eden space 66560K, 0% used [0x00000000d5e00000,0x00000000d5e00000,0x00000000d9f00000)
  from space 9216K, 77% used [0x00000000da900000,0x00000000daff6f38,0x00000000db200000)
  to   space 9728K, 0% used [0x00000000d9f00000,0x00000000d9f00000,0x00000000da880000)
 ParOldGen       total 87552K, used 13957K [0x0000000081a00000, 0x0000000086f80000, 0x00000000d5e00000)
  object space 87552K, 15% used [0x0000000081a00000,0x00000000827a1420,0x0000000086f80000)
 Metaspace       used 20557K, capacity 21182K, committed 21296K, reserved 1069056K
  class space    used 2469K, capacity 2650K, committed 2688K, reserved 1048576K
}
Event: 10.635 GC heap before
{Heap before GC invocations=9 (full 1):
 PSYoungGen      total 75776K, used 7131K [0x00000000d5e00000, 0x00000000db200000, 0x0000000100000000)
  eden space 66560K, 0% used [0x00000000d5e00000,0x00000000d5e00000,0x00000000d9f00000)
  from space 9216K, 77% used [0x00000000da900000,0x00000000daff6f38,0x00000000db200000)
  to   space 9728K, 0% used [0x00000000d9f00000,0x00000000d9f00000,0x00000000da880000)
 ParOldGen       total 87552K, used 13957K [0x0000000081a00000, 0x0000000086f80000, 0x00000000d5e00000)
  object space 87552K, 15% used [0x0000000081a00000,0x00000000827a1420,0x0000000086f80000)
 Metaspace       used 20557K, capacity 21182K, committed 21296K, reserved 1069056K
  class space    used 2469K, capacity 2650K, committed 2688K, reserved 1048576K
Event: 10.704 GC heap after
Heap after GC invocations=9 (full 1):
 PSYoungGen      total 75776K, used 0K [0x00000000d5e00000, 0x00000000db200000, 0x0000000100000000)
  eden space 66560K, 0% used [0x00000000d5e00000,0x00000000d5e00000,0x00000000d9f00000)
  from space 9216K, 0% used [0x00000000da900000,0x00000000da900000,0x00000000db200000)
  to   space 9728K, 0% used [0x00000000d9f00000,0x00000000d9f00000,0x00000000da880000)
 ParOldGen       total 65536K, used 14898K [0x0000000081a00000, 0x0000000085a00000, 0x00000000d5e00000)
  object space 65536K, 22% used [0x0000000081a00000,0x000000008288cb78,0x0000000085a00000)
 Metaspace       used 20557K, capacity 21182K, committed 21296K, reserved 1069056K
  class space    used 2469K, capacity 2650K, committed 2688K, reserved 1048576K
}
Event: 12.219 GC heap before
{Heap before GC invocations=10 (full 1):
 PSYoungGen      total 75776K, used 66560K [0x00000000d5e00000, 0x00000000db200000, 0x0000000100000000)
  eden space 66560K, 100% used [0x00000000d5e00000,0x00000000d9f00000,0x00000000d9f00000)
  from space 9216K, 0% used [0x00000000da900000,0x00000000da900000,0x00000000db200000)
  to   space 9728K, 0% used [0x00000000d9f00000,0x00000000d9f00000,0x00000000da880000)
 ParOldGen       total 65536K, used 14898K [0x0000000081a00000, 0x0000000085a00000, 0x00000000d5e00000)
  object space 65536K, 22% used [0x0000000081a00000,0x000000008288cb78,0x0000000085a00000)
 Metaspace       used 25161K, capacity 25790K, committed 25984K, reserved 1073152K
  class space    used 2966K, capacity 3162K, committed 3200K, reserved 1048576K
Event: 12.237 GC heap after
Heap after GC invocations=10 (full 1):
 PSYoungGen      total 76288K, used 9726K [0x00000000d5e00000, 0x00000000db200000, 0x0000000100000000)
  eden space 66560K, 0% used [0x00000000d5e00000,0x00000000d5e00000,0x00000000d9f00000)
  from space 9728K, 99% used [0x00000000d9f00000,0x00000000da87f9c8,0x00000000da880000)
  to   space 9216K, 0% used [0x00000000da900000,0x00000000da900000,0x00000000db200000)
 ParOldGen       total 65536K, used 22451K [0x0000000081a00000, 0x0000000085a00000, 0x00000000d5e00000)
  object space 65536K, 34% used [0x0000000081a00000,0x0000000082fecc18,0x0000000085a00000)
 Metaspace       used 25161K, capacity 25790K, committed 25984K, reserved 1073152K
  class space    used 2966K, capacity 3162K, committed 3200K, reserved 1048576K
}

