# JRE version: Java(TM) SE Runtime Environment (8.0_181-b13) (build 1.8.0_181-b13)
# Java VM: Java HotSpot(TM) 64-Bit Server VM (25.181-b13 mixed mode windows-amd64 compressed oops)
Heap:
 PSYoungGen      total 142336K, used 95068K [0x00000000d5e00000, 0x00000000e8b00000, 0x0000000100000000)
  eden space 132096K, 71% used [0x00000000d5e00000,0x00000000dbad7070,0x00000000ddf00000)
  from space 10240K, 0% used [0x00000000ddf00000,0x00000000ddf00000,0x00000000de900000)
  to   space 22016K, 0% used [0x00000000e7580000,0x00000000e7580000,0x00000000e8b00000)
 ParOldGen       total 100864K, used 35303K [0x0000000081a00000, 0x0000000087c80000, 0x00000000d5e00000)
  object space 100864K, 35% used [0x0000000081a00000,0x0000000083c79d58,0x0000000087c80000)
 Metaspace       used 21652K, capacity 22172K, committed 22400K, reserved 1069056K
  class space    used 2427K, capacity 2561K, committed 2688K, reserved 1048576K
GC Heap History (10 events):
Event: 1.670 GC heap before
{Heap before GC invocations=4 (full 0):
 PSYoungGen      total 38400K, used 38400K [0x00000000d5e00000, 0x00000000da900000, 0x0000000100000000)
  eden space 33280K, 100% used [0x00000000d5e00000,0x00000000d7e80000,0x00000000d7e80000)
  from space 5120K, 100% used [0x00000000d7e80000,0x00000000d8380000,0x00000000d8380000)
  to   space 5120K, 0% used [0x00000000da400000,0x00000000da400000,0x00000000da900000)
 ParOldGen       total 87552K, used 3414K [0x0000000081a00000, 0x0000000086f80000, 0x00000000d5e00000)
  object space 87552K, 3% used [0x0000000081a00000,0x0000000081d558c0,0x0000000086f80000)
 Metaspace       used 12798K, capacity 13072K, committed 13184K, reserved 1060864K
  class space    used 1538K, capacity 1618K, committed 1664K, reserved 1048576K
Event: 1.676 GC heap after
Heap after GC invocations=4 (full 0):
 PSYoungGen      total 71680K, used 5088K [0x00000000d5e00000, 0x00000000da900000, 0x0000000100000000)
  eden space 66560K, 0% used [0x00000000d5e00000,0x00000000d5e00000,0x00000000d9f00000)
  from space 5120K, 99% used [0x00000000da400000,0x00000000da8f8020,0x00000000da900000)
  to   space 5120K, 0% used [0x00000000d9f00000,0x00000000d9f00000,0x00000000da400000)
 ParOldGen       total 87552K, used 5918K [0x0000000081a00000, 0x0000000086f80000, 0x00000000d5e00000)
  object space 87552K, 6% used [0x0000000081a00000,0x0000000081fc78c0,0x0000000086f80000)
 Metaspace       used 12798K, capacity 13072K, committed 13184K, reserved 1060864K
  class space    used 1538K, capacity 1618K, committed 1664K, reserved 1048576K
}
Event: 2.447 GC heap before
{Heap before GC invocations=5 (full 0):
 PSYoungGen      total 71680K, used 71648K [0x00000000d5e00000, 0x00000000da900000, 0x0000000100000000)
  eden space 66560K, 100% used [0x00000000d5e00000,0x00000000d9f00000,0x00000000d9f00000)
  from space 5120K, 99% used [0x00000000da400000,0x00000000da8f8020,0x00000000da900000)
  to   space 5120K, 0% used [0x00000000d9f00000,0x00000000d9f00000,0x00000000da400000)
 ParOldGen       total 87552K, used 5918K [0x0000000081a00000, 0x0000000086f80000, 0x00000000d5e00000)
  object space 87552K, 6% used [0x0000000081a00000,0x0000000081fc78c0,0x0000000086f80000)
 Metaspace       used 13517K, capacity 13788K, committed 13952K, reserved 1060864K
  class space    used 1610K, capacity 1663K, committed 1664K, reserved 1048576K
Event: 2.457 GC heap after
Heap after GC invocations=5 (full 0):
 PSYoungGen      total 71680K, used 5088K [0x00000000d5e00000, 0x00000000df200000, 0x0000000100000000)
  eden space 66560K, 0% used [0x00000000d5e00000,0x00000000d5e00000,0x00000000d9f00000)
  from space 5120K, 99% used [0x00000000d9f00000,0x00000000da3f8020,0x00000000da400000)
  to   space 9216K, 0% used [0x00000000de900000,0x00000000de900000,0x00000000df200000)
 ParOldGen       total 87552K, used 8830K [0x0000000081a00000, 0x0000000086f80000, 0x00000000d5e00000)
  object space 87552K, 10% used [0x0000000081a00000,0x000000008229f8d8,0x0000000086f80000)
 Metaspace       used 13517K, capacity 13788K, committed 13952K, reserved 1060864K
  class space    used 1610K, capacity 1663K, committed 1664K, reserved 1048576K
}
Event: 3.260 GC heap before
{Heap before GC invocations=6 (full 0):
 PSYoungGen      total 71680K, used 71648K [0x00000000d5e00000, 0x00000000df200000, 0x0000000100000000)
  eden space 66560K, 100% used [0x00000000d5e00000,0x00000000d9f00000,0x00000000d9f00000)
  from space 5120K, 99% used [0x00000000d9f00000,0x00000000da3f8020,0x00000000da400000)
  to   space 9216K, 0% used [0x00000000de900000,0x00000000de900000,0x00000000df200000)
 ParOldGen       total 87552K, used 8830K [0x0000000081a00000, 0x0000000086f80000, 0x00000000d5e00000)
  object space 87552K, 10% used [0x0000000081a00000,0x000000008229f8d8,0x0000000086f80000)
 Metaspace       used 14610K, capacity 15026K, committed 15104K, reserved 1062912K
  class space    used 1706K, capacity 1776K, committed 1792K, reserved 1048576K
Event: 3.279 GC heap after
Heap after GC invocations=6 (full 0):
 PSYoungGen      total 141312K, used 9105K [0x00000000d5e00000, 0x00000000df400000, 0x0000000100000000)
  eden space 132096K, 0% used [0x00000000d5e00000,0x00000000d5e00000,0x00000000ddf00000)
  from space 9216K, 98% used [0x00000000de900000,0x00000000df1e4698,0x00000000df200000)
  to   space 10240K, 0% used [0x00000000ddf00000,0x00000000ddf00000,0x00000000de900000)
 ParOldGen       total 87552K, used 8838K [0x0000000081a00000, 0x0000000086f80000, 0x00000000d5e00000)
  object space 87552K, 10% used [0x0000000081a00000,0x00000000822a18d8,0x0000000086f80000)
 Metaspace       used 14610K, capacity 15026K, committed 15104K, reserved 1062912K
  class space    used 1706K, capacity 1776K, committed 1792K, reserved 1048576K
}
Event: 4.678 GC heap before
{Heap before GC invocations=7 (full 0):
 PSYoungGen      total 141312K, used 116148K [0x00000000d5e00000, 0x00000000df400000, 0x0000000100000000)
  eden space 132096K, 81% used [0x00000000d5e00000,0x00000000dc688a00,0x00000000ddf00000)
  from space 9216K, 98% used [0x00000000de900000,0x00000000df1e4698,0x00000000df200000)
  to   space 10240K, 0% used [0x00000000ddf00000,0x00000000ddf00000,0x00000000de900000)
 ParOldGen       total 87552K, used 8838K [0x0000000081a00000, 0x0000000086f80000, 0x00000000d5e00000)
  object space 87552K, 10% used [0x0000000081a00000,0x00000000822a18d8,0x0000000086f80000)
 Metaspace       used 20687K, capacity 21180K, committed 21248K, reserved 1069056K
  class space    used 2402K, capacity 2529K, committed 2560K, reserved 1048576K
Event: 4.699 GC heap after
Heap after GC invocations=7 (full 0):
 PSYoungGen      total 142336K, used 10231K [0x00000000d5e00000, 0x00000000e8b00000, 0x0000000100000000)
  eden space 132096K, 0% used [0x00000000d5e00000,0x00000000d5e00000,0x00000000ddf00000)
  from space 10240K, 99% used [0x00000000ddf00000,0x00000000de8fdf58,0x00000000de900000)
  to   space 22016K, 0% used [0x00000000e7580000,0x00000000e7580000,0x00000000e8b00000)
 ParOldGen       total 87552K, used 30036K [0x0000000081a00000, 0x0000000086f80000, 0x00000000d5e00000)
  object space 87552K, 34% used [0x0000000081a00000,0x0000000083755080,0x0000000086f80000)
 Metaspace       used 20687K, capacity 21180K, committed 21248K, reserved 1069056K
  class space    used 2402K, capacity 2529K, committed 2560K, reserved 1048576K
}
Event: 4.699 GC heap before
{Heap before GC invocations=8 (full 1):
 PSYoungGen      total 142336K, used 10231K [0x00000000d5e00000, 0x00000000e8b00000, 0x0000000100000000)
  eden space 132096K, 0% used [0x00000000d5e00000,0x00000000d5e00000,0x00000000ddf00000)
  from space 10240K, 99% used [0x00000000ddf00000,0x00000000de8fdf58,0x00000000de900000)
  to   space 22016K, 0% used [0x00000000e7580000,0x00000000e7580000,0x00000000e8b00000)
 ParOldGen       total 87552K, used 30036K [0x0000000081a00000, 0x0000000086f80000, 0x00000000d5e00000)
  object space 87552K, 34% used [0x0000000081a00000,0x0000000083755080,0x0000000086f80000)
 Metaspace       used 20687K, capacity 21180K, committed 21248K, reserved 1069056K
  class space    used 2402K, capacity 2529K, committed 2560K, reserved 1048576K
Event: 4.784 GC heap after
Heap after GC invocations=8 (full 1):
 PSYoungGen      total 142336K, used 0K [0x00000000d5e00000, 0x00000000e8b00000, 0x0000000100000000)
  eden space 132096K, 0% used [0x00000000d5e00000,0x00000000d5e00000,0x00000000ddf00000)
  from space 10240K, 0% used [0x00000000ddf00000,0x00000000ddf00000,0x00000000de900000)
  to   space 22016K, 0% used [0x00000000e7580000,0x00000000e7580000,0x00000000e8b00000)
 ParOldGen       total 100864K, used 35303K [0x0000000081a00000, 0x0000000087c80000, 0x00000000d5e00000)
  object space 100864K, 35% used [0x0000000081a00000,0x0000000083c79d58,0x0000000087c80000)
 Metaspace       used 20687K, capacity 21180K, committed 21248K, reserved 1069056K
  class space    used 2402K, capacity 2529K, committed 2560K, reserved 1048576K
}

