# JRE version: Java(TM) SE Runtime Environment (8.0_181-b13) (build 1.8.0_181-b13)
# Java VM: Java HotSpot(TM) 64-Bit Server VM (25.181-b13 mixed mode windows-amd64 compressed oops)
Heap:
 PSYoungGen      total 141824K, used 64866K [0x00000000d5e00000, 0x00000000e4400000, 0x0000000100000000)
  eden space 125440K, 51% used [0x00000000d5e00000,0x00000000d9d58918,0x00000000dd880000)
  from space 16384K, 0% used [0x00000000dd880000,0x00000000dd880000,0x00000000de880000)
  to   space 17408K, 0% used [0x00000000e3300000,0x00000000e3300000,0x00000000e4400000)
 ParOldGen       total 93696K, used 33712K [0x0000000081a00000, 0x0000000087580000, 0x00000000d5e00000)
  object space 93696K, 35% used [0x0000000081a00000,0x0000000083aec0e0,0x0000000087580000)
 Metaspace       used 21515K, capacity 22044K, committed 22400K, reserved 1069056K
  class space    used 2427K, capacity 2561K, committed 2688K, reserved 1048576K
GC Heap History (10 events):
Event: 2.624 GC heap before
{Heap before GC invocations=6 (full 0):
 PSYoungGen      total 38400K, used 38400K [0x00000000d5e00000, 0x00000000daf00000, 0x0000000100000000)
  eden space 33280K, 100% used [0x00000000d5e00000,0x00000000d7e80000,0x00000000d7e80000)
  from space 5120K, 100% used [0x00000000d7e80000,0x00000000d8380000,0x00000000d8380000)
  to   space 8192K, 0% used [0x00000000da700000,0x00000000da700000,0x00000000daf00000)
 ParOldGen       total 87552K, used 7235K [0x0000000081a00000, 0x0000000086f80000, 0x00000000d5e00000)
  object space 87552K, 8% used [0x0000000081a00000,0x0000000082110c50,0x0000000086f80000)
 Metaspace       used 13493K, capacity 13788K, committed 13952K, reserved 1060864K
  class space    used 1609K, capacity 1663K, committed 1664K, reserved 1048576K
Event: 2.636 GC heap after
Heap after GC invocations=6 (full 0):
 PSYoungGen      total 74752K, used 7104K [0x00000000d5e00000, 0x00000000daf00000, 0x0000000100000000)
  eden space 66560K, 0% used [0x00000000d5e00000,0x00000000d5e00000,0x00000000d9f00000)
  from space 8192K, 86% used [0x00000000da700000,0x00000000dadf0020,0x00000000daf00000)
  to   space 8192K, 0% used [0x00000000d9f00000,0x00000000d9f00000,0x00000000da700000)
 ParOldGen       total 87552K, used 7243K [0x0000000081a00000, 0x0000000086f80000, 0x00000000d5e00000)
  object space 87552K, 8% used [0x0000000081a00000,0x0000000082112c50,0x0000000086f80000)
 Metaspace       used 13493K, capacity 13788K, committed 13952K, reserved 1060864K
  class space    used 1609K, capacity 1663K, committed 1664K, reserved 1048576K
}
Event: 3.513 GC heap before
{Heap before GC invocations=7 (full 0):
 PSYoungGen      total 74752K, used 73664K [0x00000000d5e00000, 0x00000000daf00000, 0x0000000100000000)
  eden space 66560K, 100% used [0x00000000d5e00000,0x00000000d9f00000,0x00000000d9f00000)
  from space 8192K, 86% used [0x00000000da700000,0x00000000dadf0020,0x00000000daf00000)
  to   space 8192K, 0% used [0x00000000d9f00000,0x00000000d9f00000,0x00000000da700000)
 ParOldGen       total 87552K, used 7243K [0x0000000081a00000, 0x0000000086f80000, 0x00000000d5e00000)
  object space 87552K, 8% used [0x0000000081a00000,0x0000000082112c50,0x0000000086f80000)
 Metaspace       used 14470K, capacity 14866K, committed 15104K, reserved 1062912K
  class space    used 1688K, capacity 1744K, committed 1792K, reserved 1048576K
Event: 3.529 GC heap after
Heap after GC invocations=7 (full 0):
 PSYoungGen      total 74752K, used 7711K [0x00000000d5e00000, 0x00000000df100000, 0x0000000100000000)
  eden space 66560K, 0% used [0x00000000d5e00000,0x00000000d5e00000,0x00000000d9f00000)
  from space 8192K, 94% used [0x00000000d9f00000,0x00000000da687f00,0x00000000da700000)
  to   space 8704K, 0% used [0x00000000de880000,0x00000000de880000,0x00000000df100000)
 ParOldGen       total 87552K, used 9865K [0x0000000081a00000, 0x0000000086f80000, 0x00000000d5e00000)
  object space 87552K, 11% used [0x0000000081a00000,0x00000000823a24e0,0x0000000086f80000)
 Metaspace       used 14470K, capacity 14866K, committed 15104K, reserved 1062912K
  class space    used 1688K, capacity 1744K, committed 1792K, reserved 1048576K
}
Event: 4.344 GC heap before
{Heap before GC invocations=8 (full 0):
 PSYoungGen      total 74752K, used 74271K [0x00000000d5e00000, 0x00000000df100000, 0x0000000100000000)
  eden space 66560K, 100% used [0x00000000d5e00000,0x00000000d9f00000,0x00000000d9f00000)
  from space 8192K, 94% used [0x00000000d9f00000,0x00000000da687f00,0x00000000da700000)
  to   space 8704K, 0% used [0x00000000de880000,0x00000000de880000,0x00000000df100000)
 ParOldGen       total 87552K, used 9865K [0x0000000081a00000, 0x0000000086f80000, 0x00000000d5e00000)
  object space 87552K, 11% used [0x0000000081a00000,0x00000000823a24e0,0x0000000086f80000)
 Metaspace       used 19007K, capacity 19548K, committed 19840K, reserved 1067008K
  class space    used 2255K, capacity 2369K, committed 2432K, reserved 1048576K
Event: 4.369 GC heap after
Heap after GC invocations=8 (full 0):
 PSYoungGen      total 134144K, used 8695K [0x00000000d5e00000, 0x00000000e0000000, 0x0000000100000000)
  eden space 125440K, 0% used [0x00000000d5e00000,0x00000000d5e00000,0x00000000dd880000)
  from space 8704K, 99% used [0x00000000de880000,0x00000000df0fdf68,0x00000000df100000)
  to   space 16384K, 0% used [0x00000000dd880000,0x00000000dd880000,0x00000000de880000)
 ParOldGen       total 87552K, used 25643K [0x0000000081a00000, 0x0000000086f80000, 0x00000000d5e00000)
  object space 87552K, 29% used [0x0000000081a00000,0x000000008330af30,0x0000000086f80000)
 Metaspace       used 19007K, capacity 19548K, committed 19840K, reserved 1067008K
  class space    used 2255K, capacity 2369K, committed 2432K, reserved 1048576K
}
Event: 5.384 GC heap before
{Heap before GC invocations=9 (full 0):
 PSYoungGen      total 134144K, used 51650K [0x00000000d5e00000, 0x00000000e0000000, 0x0000000100000000)
  eden space 125440K, 34% used [0x00000000d5e00000,0x00000000d87f2950,0x00000000dd880000)
  from space 8704K, 99% used [0x00000000de880000,0x00000000df0fdf68,0x00000000df100000)
  to   space 16384K, 0% used [0x00000000dd880000,0x00000000dd880000,0x00000000de880000)
 ParOldGen       total 87552K, used 25643K [0x0000000081a00000, 0x0000000086f80000, 0x00000000d5e00000)
  object space 87552K, 29% used [0x0000000081a00000,0x000000008330af30,0x0000000086f80000)
 Metaspace       used 20679K, capacity 21180K, committed 21248K, reserved 1069056K
  class space    used 2401K, capacity 2529K, committed 2560K, reserved 1048576K
Event: 5.403 GC heap after
Heap after GC invocations=9 (full 0):
 PSYoungGen      total 141824K, used 13577K [0x00000000d5e00000, 0x00000000e4400000, 0x0000000100000000)
  eden space 125440K, 0% used [0x00000000d5e00000,0x00000000d5e00000,0x00000000dd880000)
  from space 16384K, 82% used [0x00000000dd880000,0x00000000de5c2550,0x00000000de880000)
  to   space 17408K, 0% used [0x00000000e3300000,0x00000000e3300000,0x00000000e4400000)
 ParOldGen       total 87552K, used 27713K [0x0000000081a00000, 0x0000000086f80000, 0x00000000d5e00000)
  object space 87552K, 31% used [0x0000000081a00000,0x00000000835106d8,0x0000000086f80000)
 Metaspace       used 20679K, capacity 21180K, committed 21248K, reserved 1069056K
  class space    used 2401K, capacity 2529K, committed 2560K, reserved 1048576K
}
Event: 5.403 GC heap before
{Heap before GC invocations=10 (full 1):
 PSYoungGen      total 141824K, used 13577K [0x00000000d5e00000, 0x00000000e4400000, 0x0000000100000000)
  eden space 125440K, 0% used [0x00000000d5e00000,0x00000000d5e00000,0x00000000dd880000)
  from space 16384K, 82% used [0x00000000dd880000,0x00000000de5c2550,0x00000000de880000)
  to   space 17408K, 0% used [0x00000000e3300000,0x00000000e3300000,0x00000000e4400000)
 ParOldGen       total 87552K, used 27713K [0x0000000081a00000, 0x0000000086f80000, 0x00000000d5e00000)
  object space 87552K, 31% used [0x0000000081a00000,0x00000000835106d8,0x0000000086f80000)
 Metaspace       used 20679K, capacity 21180K, committed 21248K, reserved 1069056K
  class space    used 2401K, capacity 2529K, committed 2560K, reserved 1048576K
Event: 5.528 GC heap after
Heap after GC invocations=10 (full 1):
 PSYoungGen      total 141824K, used 0K [0x00000000d5e00000, 0x00000000e4400000, 0x0000000100000000)
  eden space 125440K, 0% used [0x00000000d5e00000,0x00000000d5e00000,0x00000000dd880000)
  from space 16384K, 0% used [0x00000000dd880000,0x00000000dd880000,0x00000000de880000)
  to   space 17408K, 0% used [0x00000000e3300000,0x00000000e3300000,0x00000000e4400000)
 ParOldGen       total 93696K, used 33712K [0x0000000081a00000, 0x0000000087580000, 0x00000000d5e00000)
  object space 93696K, 35% used [0x0000000081a00000,0x0000000083aec0e0,0x0000000087580000)
 Metaspace       used 20679K, capacity 21180K, committed 21248K, reserved 1069056K
  class space    used 2401K, capacity 2529K, committed 2560K, reserved 1048576K
}

